#
# There is insufficient memory for the Java Runtime Environment to continue.
# Native memory allocation (malloc) failed to allocate 1048576 bytes for AllocateHeap
# Possible reasons:
#   The system is out of physical RAM or swap space
#   The process is running with CompressedOops enabled, and the Java Heap may be blocking the growth of the native heap
# Possible solutions:
#   Reduce memory load on the system
#   Increase physical memory or swap space
#   Check if swap backing store is full
#   Decrease Java heap size (-Xmx/-Xms)
#   Decrease number of Java threads
#   Decrease Java thread stack sizes (-Xss)
#   Set larger code cache with -XX:ReservedCodeCacheSize=
#   JVM is running with Unscaled Compressed Oops mode in which the Java heap is
#     placed in the first 4GB address space. The Java Heap base address is the
#     maximum limit for the native heap growth. Please use -XX:HeapBaseMinAddress
#     to set the Java Heap base and to place the Java Heap above 4GB virtual address.
# This output file may be truncated or incomplete.
#
#  Out of Memory Error (./open/src/hotspot/share/memory/allocation.cpp:44), pid=15836, tid=2140
#
# JRE version:  (15.0+36) (build )
# Java VM: Java HotSpot(TM) 64-Bit Server VM (15+36-1562, mixed mode, sharing, tiered, compressed oops, g1 gc, windows-amd64)
# No core dump will be written. Minidumps are not enabled by default on client versions of Windows
#

---------------  S U M M A R Y ------------

Command Line: --enable-preview -XX:+ShowCodeDetailsInExceptionMessages -Dfile.encoding=UTF-8 MainWindow

Host: AMD Ryzen 5 2600 Six-Core Processor            , 12 cores, 7G,  Windows 10 , 64 bit Build 19041 (10.0.19041.804)
Time: Mon Feb 15 14:15:00 2021 Malay Peninsula Standard Time elapsed time: 0.030883 seconds (0d 0h 0m 0s)

---------------  T H R E A D  ---------------

Current thread (0x000001718d100ec0):  JavaThread "Unknown thread" [_thread_in_vm, id=2140, stack(0x0000006632700000,0x0000006632800000)]

Stack: [0x0000006632700000,0x0000006632800000]
Native frames: (J=compiled Java code, j=interpreted, Vv=VM code, C=native code)
V  [jvm.dll+0x629eaa]
V  [jvm.dll+0x780379]
V  [jvm.dll+0x781ad3]
V  [jvm.dll+0x782133]
V  [jvm.dll+0x2159d5]
V  [jvm.dll+0x8ea92]
V  [jvm.dll+0x2b0305]
V  [jvm.dll+0x2a7a5e]
V  [jvm.dll+0x75d0f1]
V  [jvm.dll+0x333af4]
V  [jvm.dll+0x73d816]
V  [jvm.dll+0x3b68e7]
V  [jvm.dll+0x3b8371]
C  [jli.dll+0x52fb]
C  [ucrtbase.dll+0x21bb2]
C  [KERNEL32.DLL+0x17034]
C  [ntdll.dll+0x4d241]


---------------  P R O C E S S  ---------------

Threads class SMR info:
_java_thread_list=0x00007ffc89af2fa0, length=0, elements={
}

Java Threads: ( => current thread )

Other Threads:
  0x000001718d141990 GCTaskThread "GC Thread#0" [stack: 0x0000006632800000,0x0000006632900000] [id=6860]

[error occurred during error reporting (printing all threads), id 0xc0000005, EXCEPTION_ACCESS_VIOLATION (0xc0000005) at pc=0x00007ffc892e4d30]

VM state: not at safepoint (not fully initialized)

VM Mutex/Monitor currently owned by a thread:  ([mutex/lock_event])
[0x000001718d0fe7b0] Heap_lock - owner thread: 0x000001718d100ec0

Heap address: 0x0000000080c00000, size: 2036 MB, Compressed Oops mode: 32-bit
CDS archive(s) mapped at: [0x0000000000000000-0x0000000000000000-0x0000000000000000), size 0, SharedBaseAddress: 0x0000000800000000, ArchiveRelocationMode: 0.
Narrow klass base: 0x0000000000000000, Narrow klass shift: 0, Narrow klass range: 0x0

Heap:
 garbage-first heap   total 0K, used 0K [0x0000000080c00000, 0x0000000100000000)
  region size 1024K, 0 young (0K), 0 survivors (0K)
 Metaspace       used 0K, capacity 0K, committed 0K, reserved 0K
  class space    used 0K, capacity 0K, committed 0K, reserved 0K

Heap Regions: E=young(eden), S=young(survivor), O=old, HS=humongous(starts), HC=humongous(continues), CS=collection set, F=free, OA=open archive, CA=closed archive, TAMS=top-at-mark-start (previous, next)

Card table byte_map: [0x00000171a4c90000,0x00000171a5090000] _byte_map_base: 0x00000171a488a000

GC Heap History (0 events):
No events

Deoptimization events (0 events):
No events

Classes unloaded (0 events):
No events

Classes redefined (0 events):
No events

Internal exceptions (0 events):
No events

Events (1 events):
Event: 0.007 Loaded shared library C:\Program Files\Java\jdk-15\bin\java.dll


Dynamic libraries:
0x00007ff7f3250000 - 0x00007ff7f325f000 	C:\Program Files\Java\jdk-15\bin\java.exe
0x00007ffcdf730000 - 0x00007ffcdf926000 	C:\WINDOWS\SYSTEM32\ntdll.dll
0x00007ffcdf5b0000 - 0x00007ffcdf66d000 	C:\WINDOWS\System32\KERNEL32.DLL
0x00007ffcdd280000 - 0x00007ffcdd549000 	C:\WINDOWS\System32\KERNELBASE.dll
0x00007ffcdcfd0000 - 0x00007ffcdd0d0000 	C:\WINDOWS\System32\ucrtbase.dll
0x00007ffcb7fe0000 - 0x00007ffcb7ff9000 	C:\Program Files\Java\jdk-15\bin\VCRUNTIME140.dll
0x00007ffcba480000 - 0x00007ffcba498000 	C:\Program Files\Java\jdk-15\bin\jli.dll
0x00007ffcdef00000 - 0x00007ffcdefac000 	C:\WINDOWS\System32\ADVAPI32.dll
0x00007ffcdec60000 - 0x00007ffcdecfe000 	C:\WINDOWS\System32\msvcrt.dll
0x00007ffcde420000 - 0x00007ffcde4bc000 	C:\WINDOWS\System32\sechost.dll
0x00007ffcded00000 - 0x00007ffcdee2b000 	C:\WINDOWS\System32\RPCRT4.dll
0x00007ffcde980000 - 0x00007ffcdeb20000 	C:\WINDOWS\System32\USER32.dll
0x00007ffcd2650000 - 0x00007ffcd28eb000 	C:\WINDOWS\WinSxS\amd64_microsoft.windows.common-controls_6595b64144ccf1df_6.0.19041.746_none_ca02b4b61b8320a4\COMCTL32.dll
0x00007ffcdced0000 - 0x00007ffcdcef2000 	C:\WINDOWS\System32\win32u.dll
0x00007ffcde790000 - 0x00007ffcde7ba000 	C:\WINDOWS\System32\GDI32.dll
0x00007ffcdd600000 - 0x00007ffcdd70b000 	C:\WINDOWS\System32\gdi32full.dll
0x00007ffcdcf00000 - 0x00007ffcdcf9d000 	C:\WINDOWS\System32\msvcp_win.dll
0x00007ffcd5db0000 - 0x00007ffcd5dba000 	C:\WINDOWS\SYSTEM32\VERSION.dll
0x00007ffcdeed0000 - 0x00007ffcdef00000 	C:\WINDOWS\System32\IMM32.DLL
0x00007ffcc7ac0000 - 0x00007ffcc7acc000 	C:\Program Files\Java\jdk-15\bin\vcruntime140_1.dll
0x00007ffc94880000 - 0x00007ffc94911000 	C:\Program Files\Java\jdk-15\bin\msvcp140.dll
0x00007ffc89030000 - 0x00007ffc89b8c000 	C:\Program Files\Java\jdk-15\bin\server\jvm.dll
0x00007ffcdee30000 - 0x00007ffcdee38000 	C:\WINDOWS\System32\PSAPI.DLL
0x00007ffccc4b0000 - 0x00007ffccc4b9000 	C:\WINDOWS\SYSTEM32\WSOCK32.dll
0x00007ffcd5b90000 - 0x00007ffcd5bb7000 	C:\WINDOWS\SYSTEM32\WINMM.dll
0x00007ffcdee40000 - 0x00007ffcdeeab000 	C:\WINDOWS\System32\WS2_32.dll
0x00007ffcdade0000 - 0x00007ffcdadf2000 	C:\WINDOWS\SYSTEM32\kernel.appcore.dll
0x00007ffcc4010000 - 0x00007ffcc401a000 	C:\Program Files\Java\jdk-15\bin\jimage.dll
0x00007ffcd2e40000 - 0x00007ffcd3024000 	C:\WINDOWS\SYSTEM32\DBGHELP.DLL
0x00007ffccf130000 - 0x00007ffccf15c000 	C:\WINDOWS\SYSTEM32\dbgcore.DLL
0x00007ffcdd710000 - 0x00007ffcdd790000 	C:\WINDOWS\System32\bcryptPrimitives.dll
0x00007ffc9eb00000 - 0x00007ffc9eb25000 	C:\Program Files\Java\jdk-15\bin\java.dll

dbghelp: loaded successfully - version: 4.0.5 - missing functions: none
symbol engine: initialized successfully - sym options: 0x614 - pdb path: .;C:\Program Files\Java\jdk-15\bin;C:\WINDOWS\SYSTEM32;C:\WINDOWS\WinSxS\amd64_microsoft.windows.common-controls_6595b64144ccf1df_6.0.19041.746_none_ca02b4b61b8320a4;C:\Program Files\Java\jdk-15\bin\server

VM Arguments:
jvm_args: --enable-preview -XX:+ShowCodeDetailsInExceptionMessages -Dfile.encoding=UTF-8 
java_command: MainWindow
java_class_path (initial): C:\Users\sSLig\AppData\Roaming\Code\User\workspaceStorage\5973d00bab394c9125ed61d68859cab3\redhat.java\jdt_ws\DatabaseProgram_aaa9b777\bin
Launcher Type: SUN_STANDARD

[Global flags]
     intx CICompilerCount                          = 4                                         {product} {ergonomic}
     uint ConcGCThreads                            = 3                                         {product} {ergonomic}
     uint G1ConcRefinementThreads                  = 10                                        {product} {ergonomic}
   size_t G1HeapRegionSize                         = 1048576                                   {product} {ergonomic}
    uintx GCDrainStackTargetSize                   = 64                                        {product} {ergonomic}
   size_t InitialHeapSize                          = 134217728                                 {product} {ergonomic}
   size_t MarkStackSize                            = 4194304                                   {product} {ergonomic}
   size_t MaxHeapSize                              = 2134900736                                {product} {ergonomic}
   size_t MinHeapDeltaBytes                        = 1048576                                   {product} {ergonomic}
   size_t MinHeapSize                              = 8388608                                   {product} {ergonomic}
    uintx NonNMethodCodeHeapSize                   = 5839372                                {pd product} {ergonomic}
    uintx NonProfiledCodeHeapSize                  = 122909434                              {pd product} {ergonomic}
    uintx ProfiledCodeHeapSize                     = 122909434                              {pd product} {ergonomic}
    uintx ReservedCodeCacheSize                    = 251658240                              {pd product} {ergonomic}
     bool SegmentedCodeCache                       = true                                      {product} {ergonomic}
     bool ShowCodeDetailsInExceptionMessages       = true                                   {manageable} {command line}
   size_t SoftMaxHeapSize                          = 2134900736                             {manageable} {ergonomic}
     bool UseCompressedClassPointers               = true                                 {lp64_product} {ergonomic}
     bool UseCompressedOops                        = true                                 {lp64_product} {ergonomic}
     bool UseG1GC                                  = true                                      {product} {ergonomic}
     bool UseLargePagesIndividualAllocation        = false                                  {pd product} {ergonomic}

Logging:
Log output configuration:
 #0: stdout all=warning uptime,level,tags
 #1: stderr all=off uptime,level,tags

Environment Variables:
JAVA_HOME=C:\Program Files\Java\jdk-15
PATH=C:\Users\sSLig\AppData\Local\Programs\Python\Python39\Scripts\;C:\Program Files\Java\jdk-15\bin;C:\Users\sSLig\AppData\Local\Programs\Python\Python39\Scripts\;C:\Users\sSLig\AppData\Local\Programs\Python\Python39\;C:\Users\sSLig\AppData\Local\Microsoft\WindowsApps;C:\Users\sSLig\AppData\Local\Programs\Microsoft VS Code\bin;C:\Users\sSLig\AppData\Local\Microsoft\WindowsApps;C:\Program Files\Java\jre1.8.0_241\bin;
USERNAME=sSLig
LANG=en_US.UTF-8
OS=Windows_NT
PROCESSOR_IDENTIFIER=AMD64 Family 23 Model 8 Stepping 2, AuthenticAMD



---------------  S Y S T E M  ---------------

OS:
 Windows 10 , 64 bit Build 19041 (10.0.19041.804)
OS uptime: 1 days 2:38 hours

CPU: total 12 (initial active 12) (12 cores per cpu, 2 threads per core) family 23 model 8 stepping 2, cmov, cx8, fxsr, mmx, sse, sse2, sse3, ssse3, sse4.1, sse4.2, popcnt, vzeroupper, avx, avx2, aes, clmul, 3dnowpref, lzcnt, sse4a, ht, tsc, tscinvbit, tscinv, bmi1, bmi2, adx, sha, fma, clflush, clflushopt

Memory: 4k page, system-wide physical 8138M (268M free)
TotalPageFile size 27278M (AvailPageFile size 7M)
current process WorkingSet (physical memory assigned to process): 10M, peak: 10M
current process commit charge ("private bytes"): 60M, peak: 61M

vm_info: Java HotSpot(TM) 64-Bit Server VM (15+36-1562) for windows-amd64 JRE (15+36-1562), built on Aug 11 2020 22:38:02 by "mach5one" with unknown MS VC++:1925

END.
